[12:56:43] [trace] HAZEL: Haoyue Engine v0.1a
[12:56:43] [trace] HAZEL: Initializing...
[12:56:43] [info] HAZEL: Creating window Haoyue-Editor (1600, 900)
[12:56:44] [info] HAZEL: VulkanContext::Create
[12:56:44] [trace] HAZEL: Vulkan Instance Layers:
[12:56:44] [trace] HAZEL:   VK_LAYER_NV_optimus
[12:56:44] [trace] HAZEL:   VK_LAYER_NV_present
[12:56:44] [trace] HAZEL:   VK_LAYER_EOS_Overlay
[12:56:44] [trace] HAZEL:   VK_LAYER_VALVE_steam_overlay
[12:56:44] [trace] HAZEL:   VK_LAYER_VALVE_steam_fossilize
[12:56:44] [trace] HAZEL:   VK_LAYER_LUNARG_api_dump
[12:56:44] [trace] HAZEL:   VK_LAYER_LUNARG_gfxreconstruct
[12:56:44] [trace] HAZEL:   VK_LAYER_KHRONOS_synchronization2
[12:56:44] [trace] HAZEL:   VK_LAYER_KHRONOS_validation
[12:56:44] [trace] HAZEL: Selected physical device has 252 extensions
[12:56:44] [trace] HAZEL:   VK_KHR_16bit_storage
[12:56:44] [trace] HAZEL:   VK_KHR_8bit_storage
[12:56:44] [trace] HAZEL:   VK_KHR_acceleration_structure
[12:56:44] [trace] HAZEL:   VK_KHR_bind_memory2
[12:56:44] [trace] HAZEL:   VK_KHR_buffer_device_address
[12:56:44] [trace] HAZEL:   VK_KHR_calibrated_timestamps
[12:56:44] [trace] HAZEL:   VK_KHR_compute_shader_derivatives
[12:56:44] [trace] HAZEL:   VK_KHR_cooperative_matrix
[12:56:44] [trace] HAZEL:   VK_KHR_copy_commands2
[12:56:44] [trace] HAZEL:   VK_KHR_create_renderpass2
[12:56:44] [trace] HAZEL:   VK_KHR_dedicated_allocation
[12:56:44] [trace] HAZEL:   VK_KHR_deferred_host_operations
[12:56:44] [trace] HAZEL:   VK_KHR_depth_clamp_zero_one
[12:56:44] [trace] HAZEL:   VK_KHR_depth_stencil_resolve
[12:56:44] [trace] HAZEL:   VK_KHR_descriptor_update_template
[12:56:44] [trace] HAZEL:   VK_KHR_device_group
[12:56:44] [trace] HAZEL:   VK_KHR_draw_indirect_count
[12:56:44] [trace] HAZEL:   VK_KHR_driver_properties
[12:56:44] [trace] HAZEL:   VK_KHR_dynamic_rendering
[12:56:44] [trace] HAZEL:   VK_KHR_dynamic_rendering_local_read
[12:56:44] [trace] HAZEL:   VK_KHR_external_fence
[12:56:44] [trace] HAZEL:   VK_KHR_external_fence_win32
[12:56:44] [trace] HAZEL:   VK_KHR_external_memory
[12:56:44] [trace] HAZEL:   VK_KHR_external_memory_win32
[12:56:44] [trace] HAZEL:   VK_KHR_external_semaphore
[12:56:44] [trace] HAZEL:   VK_KHR_external_semaphore_win32
[12:56:44] [trace] HAZEL:   VK_KHR_format_feature_flags2
[12:56:44] [trace] HAZEL:   VK_KHR_fragment_shader_barycentric
[12:56:44] [trace] HAZEL:   VK_KHR_fragment_shading_rate
[12:56:44] [trace] HAZEL:   VK_KHR_get_memory_requirements2
[12:56:44] [trace] HAZEL:   VK_KHR_global_priority
[12:56:44] [trace] HAZEL:   VK_KHR_image_format_list
[12:56:44] [trace] HAZEL:   VK_KHR_imageless_framebuffer
[12:56:44] [trace] HAZEL:   VK_KHR_index_type_uint8
[12:56:44] [trace] HAZEL:   VK_KHR_line_rasterization
[12:56:44] [trace] HAZEL:   VK_KHR_load_store_op_none
[12:56:44] [trace] HAZEL:   VK_KHR_maintenance1
[12:56:44] [trace] HAZEL:   VK_KHR_maintenance2
[12:56:44] [trace] HAZEL:   VK_KHR_maintenance3
[12:56:44] [trace] HAZEL:   VK_KHR_maintenance4
[12:56:44] [trace] HAZEL:   VK_KHR_maintenance5
[12:56:44] [trace] HAZEL:   VK_KHR_maintenance6
[12:56:44] [trace] HAZEL:   VK_KHR_maintenance7
[12:56:44] [trace] HAZEL:   VK_KHR_maintenance8
[12:56:44] [trace] HAZEL:   VK_KHR_map_memory2
[12:56:44] [trace] HAZEL:   VK_KHR_multiview
[12:56:44] [trace] HAZEL:   VK_KHR_pipeline_binary
[12:56:44] [trace] HAZEL:   VK_KHR_pipeline_executable_properties
[12:56:44] [trace] HAZEL:   VK_KHR_pipeline_library
[12:56:44] [trace] HAZEL:   VK_KHR_present_id
[12:56:44] [trace] HAZEL:   VK_KHR_present_wait
[12:56:44] [trace] HAZEL:   VK_KHR_push_descriptor
[12:56:44] [trace] HAZEL:   VK_KHR_ray_query
[12:56:44] [trace] HAZEL:   VK_KHR_ray_tracing_maintenance1
[12:56:44] [trace] HAZEL:   VK_KHR_ray_tracing_pipeline
[12:56:44] [trace] HAZEL:   VK_KHR_ray_tracing_position_fetch
[12:56:44] [trace] HAZEL:   VK_KHR_relaxed_block_layout
[12:56:44] [trace] HAZEL:   VK_KHR_sampler_mirror_clamp_to_edge
[12:56:44] [trace] HAZEL:   VK_KHR_sampler_ycbcr_conversion
[12:56:44] [trace] HAZEL:   VK_KHR_separate_depth_stencil_layouts
[12:56:44] [trace] HAZEL:   VK_KHR_shader_atomic_int64
[12:56:44] [trace] HAZEL:   VK_KHR_shader_bfloat16
[12:56:44] [trace] HAZEL:   VK_KHR_shader_clock
[12:56:44] [trace] HAZEL:   VK_KHR_shader_draw_parameters
[12:56:44] [trace] HAZEL:   VK_KHR_shader_expect_assume
[12:56:44] [trace] HAZEL:   VK_KHR_shader_float16_int8
[12:56:44] [trace] HAZEL:   VK_KHR_shader_float_controls
[12:56:44] [trace] HAZEL:   VK_KHR_shader_float_controls2
[12:56:44] [trace] HAZEL:   VK_KHR_shader_integer_dot_product
[12:56:44] [trace] HAZEL:   VK_KHR_shader_maximal_reconvergence
[12:56:44] [trace] HAZEL:   VK_KHR_shader_non_semantic_info
[12:56:44] [trace] HAZEL:   VK_KHR_shader_quad_control
[12:56:44] [trace] HAZEL:   VK_KHR_shader_relaxed_extended_instruction
[12:56:44] [trace] HAZEL:   VK_KHR_shader_subgroup_extended_types
[12:56:44] [trace] HAZEL:   VK_KHR_shader_subgroup_rotate
[12:56:44] [trace] HAZEL:   VK_KHR_shader_subgroup_uniform_control_flow
[12:56:44] [trace] HAZEL:   VK_KHR_shader_terminate_invocation
[12:56:44] [trace] HAZEL:   VK_KHR_spirv_1_4
[12:56:44] [trace] HAZEL:   VK_KHR_storage_buffer_storage_class
[12:56:44] [trace] HAZEL:   VK_KHR_swapchain
[12:56:44] [trace] HAZEL:   VK_KHR_swapchain_mutable_format
[12:56:44] [trace] HAZEL:   VK_KHR_synchronization2
[12:56:44] [trace] HAZEL:   VK_KHR_timeline_semaphore
[12:56:44] [trace] HAZEL:   VK_KHR_uniform_buffer_standard_layout
[12:56:44] [trace] HAZEL:   VK_KHR_variable_pointers
[12:56:44] [trace] HAZEL:   VK_KHR_vertex_attribute_divisor
[12:56:44] [trace] HAZEL:   VK_KHR_video_decode_av1
[12:56:44] [trace] HAZEL:   VK_KHR_video_decode_h264
[12:56:44] [trace] HAZEL:   VK_KHR_video_decode_h265
[12:56:44] [trace] HAZEL:   VK_KHR_video_decode_queue
[12:56:44] [trace] HAZEL:   VK_KHR_video_decode_vp9
[12:56:44] [trace] HAZEL:   VK_KHR_video_encode_av1
[12:56:44] [trace] HAZEL:   VK_KHR_video_encode_h264
[12:56:44] [trace] HAZEL:   VK_KHR_video_encode_h265
[12:56:44] [trace] HAZEL:   VK_KHR_video_encode_quantization_map
[12:56:44] [trace] HAZEL:   VK_KHR_video_encode_queue
[12:56:44] [trace] HAZEL:   VK_KHR_video_maintenance1
[12:56:44] [trace] HAZEL:   VK_KHR_video_maintenance2
[12:56:44] [trace] HAZEL:   VK_KHR_video_queue
[12:56:44] [trace] HAZEL:   VK_KHR_vulkan_memory_model
[12:56:44] [trace] HAZEL:   VK_KHR_win32_keyed_mutex
[12:56:44] [trace] HAZEL:   VK_KHR_workgroup_memory_explicit_layout
[12:56:44] [trace] HAZEL:   VK_KHR_zero_initialize_workgroup_memory
[12:56:44] [trace] HAZEL:   VK_EXT_4444_formats
[12:56:44] [trace] HAZEL:   VK_EXT_attachment_feedback_loop_dynamic_state
[12:56:44] [trace] HAZEL:   VK_EXT_attachment_feedback_loop_layout
[12:56:44] [trace] HAZEL:   VK_EXT_blend_operation_advanced
[12:56:44] [trace] HAZEL:   VK_EXT_border_color_swizzle
[12:56:44] [trace] HAZEL:   VK_EXT_buffer_device_address
[12:56:44] [trace] HAZEL:   VK_EXT_calibrated_timestamps
[12:56:44] [trace] HAZEL:   VK_EXT_color_write_enable
[12:56:44] [trace] HAZEL:   VK_EXT_conditional_rendering
[12:56:44] [trace] HAZEL:   VK_EXT_conservative_rasterization
[12:56:44] [trace] HAZEL:   VK_EXT_custom_border_color
[12:56:44] [trace] HAZEL:   VK_EXT_depth_bias_control
[12:56:44] [trace] HAZEL:   VK_EXT_depth_clamp_control
[12:56:44] [trace] HAZEL:   VK_EXT_depth_clamp_zero_one
[12:56:44] [trace] HAZEL:   VK_EXT_depth_clip_control
[12:56:44] [trace] HAZEL:   VK_EXT_depth_clip_enable
[12:56:44] [trace] HAZEL:   VK_EXT_depth_range_unrestricted
[12:56:44] [trace] HAZEL:   VK_EXT_descriptor_buffer
[12:56:44] [trace] HAZEL:   VK_EXT_descriptor_indexing
[12:56:44] [trace] HAZEL:   VK_EXT_device_address_binding_report
[12:56:44] [trace] HAZEL:   VK_EXT_device_fault
[12:56:44] [trace] HAZEL:   VK_EXT_device_generated_commands
[12:56:44] [trace] HAZEL:   VK_EXT_discard_rectangles
[12:56:44] [trace] HAZEL:   VK_EXT_dynamic_rendering_unused_attachments
[12:56:44] [trace] HAZEL:   VK_EXT_extended_dynamic_state
[12:56:44] [trace] HAZEL:   VK_EXT_extended_dynamic_state2
[12:56:44] [trace] HAZEL:   VK_EXT_extended_dynamic_state3
[12:56:44] [trace] HAZEL:   VK_EXT_external_memory_host
[12:56:44] [trace] HAZEL:   VK_EXT_fragment_shader_interlock
[12:56:44] [trace] HAZEL:   VK_EXT_full_screen_exclusive
[12:56:44] [trace] HAZEL:   VK_EXT_global_priority
[12:56:44] [trace] HAZEL:   VK_EXT_global_priority_query
[12:56:44] [trace] HAZEL:   VK_EXT_graphics_pipeline_library
[12:56:44] [trace] HAZEL:   VK_EXT_hdr_metadata
[12:56:44] [trace] HAZEL:   VK_EXT_host_image_copy
[12:56:44] [trace] HAZEL:   VK_EXT_host_query_reset
[12:56:44] [trace] HAZEL:   VK_EXT_image_2d_view_of_3d
[12:56:44] [trace] HAZEL:   VK_EXT_image_robustness
[12:56:44] [trace] HAZEL:   VK_EXT_image_sliced_view_of_3d
[12:56:44] [trace] HAZEL:   VK_EXT_image_view_min_lod
[12:56:44] [trace] HAZEL:   VK_EXT_index_type_uint8
[12:56:44] [trace] HAZEL:   VK_EXT_inline_uniform_block
[12:56:44] [trace] HAZEL:   VK_EXT_legacy_vertex_attributes
[12:56:44] [trace] HAZEL:   VK_EXT_line_rasterization
[12:56:44] [trace] HAZEL:   VK_EXT_load_store_op_none
[12:56:44] [trace] HAZEL:   VK_EXT_memory_budget
[12:56:44] [trace] HAZEL:   VK_EXT_memory_priority
[12:56:44] [trace] HAZEL:   VK_EXT_mesh_shader
[12:56:44] [trace] HAZEL:   VK_EXT_multi_draw
[12:56:44] [trace] HAZEL:   VK_EXT_mutable_descriptor_type
[12:56:44] [trace] HAZEL:   VK_EXT_nested_command_buffer
[12:56:44] [trace] HAZEL:   VK_EXT_non_seamless_cube_map
[12:56:44] [trace] HAZEL:   VK_EXT_opacity_micromap
[12:56:44] [trace] HAZEL:   VK_EXT_pageable_device_local_memory
[12:56:44] [trace] HAZEL:   VK_EXT_pci_bus_info
[12:56:44] [trace] HAZEL:   VK_EXT_pipeline_creation_cache_control
[12:56:44] [trace] HAZEL:   VK_EXT_pipeline_creation_feedback
[12:56:44] [trace] HAZEL:   VK_EXT_pipeline_library_group_handles
[12:56:44] [trace] HAZEL:   VK_EXT_pipeline_robustness
[12:56:44] [trace] HAZEL:   VK_EXT_post_depth_coverage
[12:56:44] [trace] HAZEL:   VK_EXT_present_mode_fifo_latest_ready
[12:56:44] [trace] HAZEL:   VK_EXT_primitive_topology_list_restart
[12:56:44] [trace] HAZEL:   VK_EXT_primitives_generated_query
[12:56:44] [trace] HAZEL:   VK_EXT_private_data
[12:56:44] [trace] HAZEL:   VK_EXT_provoking_vertex
[12:56:44] [trace] HAZEL:   VK_EXT_queue_family_foreign
[12:56:44] [trace] HAZEL:   VK_EXT_robustness2
[12:56:44] [trace] HAZEL:   VK_EXT_sample_locations
[12:56:44] [trace] HAZEL:   VK_EXT_sampler_filter_minmax
[12:56:44] [trace] HAZEL:   VK_EXT_scalar_block_layout
[12:56:44] [trace] HAZEL:   VK_EXT_separate_stencil_usage
[12:56:44] [trace] HAZEL:   VK_EXT_shader_atomic_float
[12:56:44] [trace] HAZEL:   VK_EXT_shader_demote_to_helper_invocation
[12:56:44] [trace] HAZEL:   VK_EXT_shader_image_atomic_int64
[12:56:44] [trace] HAZEL:   VK_EXT_shader_module_identifier
[12:56:44] [trace] HAZEL:   VK_EXT_shader_object
[12:56:44] [trace] HAZEL:   VK_EXT_shader_replicated_composites
[12:56:44] [trace] HAZEL:   VK_EXT_shader_subgroup_ballot
[12:56:44] [trace] HAZEL:   VK_EXT_shader_subgroup_vote
[12:56:44] [trace] HAZEL:   VK_EXT_shader_viewport_index_layer
[12:56:44] [trace] HAZEL:   VK_EXT_subgroup_size_control
[12:56:44] [trace] HAZEL:   VK_EXT_swapchain_maintenance1
[12:56:44] [trace] HAZEL:   VK_EXT_texel_buffer_alignment
[12:56:44] [trace] HAZEL:   VK_EXT_tooling_info
[12:56:44] [trace] HAZEL:   VK_EXT_transform_feedback
[12:56:44] [trace] HAZEL:   VK_EXT_vertex_attribute_divisor
[12:56:44] [trace] HAZEL:   VK_EXT_vertex_attribute_robustness
[12:56:44] [trace] HAZEL:   VK_EXT_vertex_input_dynamic_state
[12:56:44] [trace] HAZEL:   VK_EXT_ycbcr_2plane_444_formats
[12:56:44] [trace] HAZEL:   VK_EXT_ycbcr_image_arrays
[12:56:44] [trace] HAZEL:   VK_NV_acquire_winrt_display
[12:56:44] [trace] HAZEL:   VK_NV_clip_space_w_scaling
[12:56:44] [trace] HAZEL:   VK_NV_cluster_acceleration_structure
[12:56:44] [trace] HAZEL:   VK_NV_compute_shader_derivatives
[12:56:44] [trace] HAZEL:   VK_NV_cooperative_matrix
[12:56:44] [trace] HAZEL:   VK_NV_cooperative_matrix2
[12:56:44] [trace] HAZEL:   VK_NV_cooperative_vector
[12:56:44] [trace] HAZEL:   VK_NV_copy_memory_indirect
[12:56:44] [trace] HAZEL:   VK_NV_corner_sampled_image
[12:56:44] [trace] HAZEL:   VK_NV_coverage_reduction_mode
[12:56:44] [trace] HAZEL:   VK_NV_cuda_kernel_launch
[12:56:44] [trace] HAZEL:   VK_NV_dedicated_allocation
[12:56:44] [trace] HAZEL:   VK_NV_dedicated_allocation_image_aliasing
[12:56:44] [trace] HAZEL:   VK_NV_descriptor_pool_overallocation
[12:56:44] [trace] HAZEL:   VK_NV_device_diagnostic_checkpoints
[12:56:44] [trace] HAZEL:   VK_NV_device_diagnostics_config
[12:56:44] [trace] HAZEL:   VK_NV_device_generated_commands
[12:56:44] [trace] HAZEL:   VK_NV_device_generated_commands_compute
[12:56:44] [trace] HAZEL:   VK_NV_disk_cache_utils
[12:56:44] [trace] HAZEL:   VK_NV_external_compute_queue
[12:56:44] [trace] HAZEL:   VK_NV_external_memory
[12:56:44] [trace] HAZEL:   VK_NV_external_memory_win32
[12:56:44] [trace] HAZEL:   VK_NV_fill_rectangle
[12:56:44] [trace] HAZEL:   VK_NV_fragment_coverage_to_color
[12:56:44] [trace] HAZEL:   VK_NV_fragment_shader_barycentric
[12:56:44] [trace] HAZEL:   VK_NV_fragment_shading_rate_enums
[12:56:44] [trace] HAZEL:   VK_NV_framebuffer_mixed_samples
[12:56:44] [trace] HAZEL:   VK_NV_geometry_shader_passthrough
[12:56:44] [trace] HAZEL:   VK_NV_inherited_viewport_scissor
[12:56:44] [trace] HAZEL:   VK_NV_internal_nvpresent
[12:56:44] [trace] HAZEL:   VK_NV_linear_color_attachment
[12:56:44] [trace] HAZEL:   VK_NV_low_latency
[12:56:44] [trace] HAZEL:   VK_NV_low_latency2
[12:56:44] [trace] HAZEL:   VK_NV_memory_decompression
[12:56:44] [trace] HAZEL:   VK_NV_mesh_shader
[12:56:44] [trace] HAZEL:   VK_NV_optical_flow
[12:56:44] [trace] HAZEL:   VK_NV_partitioned_acceleration_structure
[12:56:44] [trace] HAZEL:   VK_NV_present_metering
[12:56:44] [trace] HAZEL:   VK_NV_raw_access_chains
[12:56:44] [trace] HAZEL:   VK_NV_ray_tracing
[12:56:44] [trace] HAZEL:   VK_NV_ray_tracing_invocation_reorder
[12:56:44] [trace] HAZEL:   VK_NV_ray_tracing_motion_blur
[12:56:44] [trace] HAZEL:   VK_NV_representative_fragment_test
[12:56:44] [trace] HAZEL:   VK_NV_sample_mask_override_coverage
[12:56:44] [trace] HAZEL:   VK_NV_scissor_exclusive
[12:56:44] [trace] HAZEL:   VK_NV_shader_atomic_float16_vector
[12:56:44] [trace] HAZEL:   VK_NV_shader_image_footprint
[12:56:44] [trace] HAZEL:   VK_NV_shader_sm_builtins
[12:56:44] [trace] HAZEL:   VK_NV_shader_subgroup_partitioned
[12:56:44] [trace] HAZEL:   VK_NV_shading_rate_image
[12:56:44] [trace] HAZEL:   VK_NV_viewport_array2
[12:56:44] [trace] HAZEL:   VK_NV_viewport_swizzle
[12:56:44] [trace] HAZEL:   VK_NV_win32_keyed_mutex
[12:56:44] [trace] HAZEL:   VK_NVX_binary_import
[12:56:44] [trace] HAZEL:   VK_NVX_image_view_handle
[12:56:44] [trace] HAZEL:   VK_NVX_multiview_per_view_attributes
[12:56:44] [trace] HAZEL:   VK_AMD_buffer_marker
[12:56:44] [trace] HAZEL:   VK_GOOGLE_hlsl_functionality1
[12:56:44] [trace] HAZEL:   VK_GOOGLE_user_type
[12:56:44] [trace] HAZEL: GpuCrashTracker::Initialize
[12:56:44] [trace] HAZEL: VulkanAllocator (SwapChain): allocating image; size = 12.50 MB
[12:56:44] [trace] HAZEL: VulkanAllocator (SwapChain): total allocated since start is 12.50 MB
[12:56:44] [warning] HAZEL: VulkanContext::OnResize
[12:56:44] [trace] HAZEL: VulkanAllocator (SwapChain): allocating image; size = 27.50 MB
[12:56:44] [trace] HAZEL: VulkanAllocator (SwapChain): total allocated since start is 40.00 MB
[12:56:44] [trace] HAZEL: VulkanAllocator (SwapChain): allocating image; size = 27.50 MB
[12:56:44] [trace] HAZEL: VulkanAllocator (SwapChain): total allocated since start is 67.50 MB
[12:56:44] [trace] HAZEL: ===========================
[12:56:44] [trace] HAZEL:  Vulkan Shader Reflection
[12:56:44] [trace] HAZEL:  Resources/shaders/EnvironmentMipFilter.glsl
[12:56:44] [trace] HAZEL: ===========================
[12:56:44] [trace] HAZEL: Uniform Buffers:
[12:56:44] [trace] HAZEL: Push Constant Buffers:
[12:56:44] [trace] HAZEL:   Name: u_Uniforms
[12:56:44] [trace] HAZEL:   Member Count: 1
[12:56:44] [trace] HAZEL:   Size: 4
[12:56:44] [trace] HAZEL: Sampled Images:
[12:56:44] [trace] HAZEL:   inputTexture (0, 1)
[12:56:44] [trace] HAZEL: Storage Images:
[12:56:44] [trace] HAZEL:   outputTexture (0, 0)
[12:56:44] [trace] HAZEL: ===========================
[12:56:44] [info] HAZEL: Creating descriptor set 0 with 0 ubos, 1 samplers and 1 storage images
[12:56:44] [trace] HAZEL: ===========================
[12:56:44] [trace] HAZEL:  Vulkan Shader Reflection
[12:56:44] [trace] HAZEL:  Resources/shaders/EquirectangularToCubeMap.glsl
[12:56:44] [trace] HAZEL: ===========================
[12:56:44] [trace] HAZEL: Uniform Buffers:
[12:56:44] [trace] HAZEL: Push Constant Buffers:
[12:56:44] [trace] HAZEL: Sampled Images:
[12:56:44] [trace] HAZEL:   u_EquirectangularTex (0, 1)
[12:56:44] [trace] HAZEL: Storage Images:
[12:56:44] [trace] HAZEL:   o_CubeMap (0, 0)
[12:56:44] [trace] HAZEL: ===========================
[12:56:44] [info] HAZEL: Creating descriptor set 0 with 0 ubos, 1 samplers and 1 storage images
[12:56:44] [trace] HAZEL: ===========================
[12:56:44] [trace] HAZEL:  Vulkan Shader Reflection
[12:56:44] [trace] HAZEL:  Resources/shaders/EnvironmentIrradiance.glsl
[12:56:44] [trace] HAZEL: ===========================
[12:56:44] [trace] HAZEL: Uniform Buffers:
[12:56:44] [trace] HAZEL: Push Constant Buffers:
[12:56:44] [trace] HAZEL:   Name: u_Uniforms
[12:56:44] [trace] HAZEL:   Member Count: 1
[12:56:44] [trace] HAZEL:   Size: 4
[12:56:44] [trace] HAZEL: Sampled Images:
[12:56:44] [trace] HAZEL:   u_RadianceMap (0, 1)
[12:56:44] [trace] HAZEL: Storage Images:
[12:56:44] [trace] HAZEL:   o_IrradianceMap (0, 0)
[12:56:44] [trace] HAZEL: ===========================
[12:56:44] [info] HAZEL: Creating descriptor set 0 with 0 ubos, 1 samplers and 1 storage images
[12:56:44] [trace] HAZEL: ===========================
[12:56:44] [trace] HAZEL:  Vulkan Shader Reflection
[12:56:44] [trace] HAZEL:  Resources/shaders/PreethamSky.glsl
[12:56:44] [trace] HAZEL: ===========================
[12:56:44] [trace] HAZEL: Uniform Buffers:
[12:56:44] [trace] HAZEL: Push Constant Buffers:
[12:56:44] [trace] HAZEL:   Name: u_Uniforms
[12:56:44] [trace] HAZEL:   Member Count: 1
[12:56:44] [trace] HAZEL:   Size: 12
[12:56:44] [trace] HAZEL: Sampled Images:
[12:56:44] [trace] HAZEL: Storage Images:
[12:56:44] [trace] HAZEL:   o_CubeMap (0, 0)
[12:56:44] [trace] HAZEL: ===========================
[12:56:44] [info] HAZEL: Creating descriptor set 0 with 0 ubos, 0 samplers and 1 storage images
[12:56:44] [trace] HAZEL: ===========================
[12:56:44] [trace] HAZEL:  Vulkan Shader Reflection
[12:56:44] [trace] HAZEL:  Resources/shaders/Grid.glsl
[12:56:44] [trace] HAZEL: ===========================
[12:56:44] [trace] HAZEL: Uniform Buffers:
[12:56:44] [trace] HAZEL: VulkanAllocator (UniformBuffer): allocating buffer; size = 0.00 bytes
[12:56:44] [trace] HAZEL: VulkanAllocator (UniformBuffer): total allocated since start is 67.50 MB
[12:56:44] [trace] HAZEL:   Camera (0, 0)
[12:56:44] [trace] HAZEL:   Member Count: 2
[12:56:44] [trace] HAZEL:   Size: 128
[12:56:44] [trace] HAZEL: -------------------
[12:56:44] [trace] HAZEL: Push Constant Buffers:
[12:56:44] [trace] HAZEL: Sampled Images:
[12:56:44] [trace] HAZEL: Storage Images:
[12:56:44] [trace] HAZEL: ===========================
[12:56:44] [trace] HAZEL: ===========================
[12:56:44] [trace] HAZEL:  Vulkan Shader Reflection
[12:56:44] [trace] HAZEL:  Resources/shaders/Grid.glsl
[12:56:44] [trace] HAZEL: ===========================
[12:56:44] [trace] HAZEL: Uniform Buffers:
[12:56:44] [trace] HAZEL: Push Constant Buffers:
[12:56:44] [trace] HAZEL:   Name: u_Settings
[12:56:44] [trace] HAZEL:   Member Count: 2
[12:56:44] [trace] HAZEL:   Size: 72
[12:56:44] [trace] HAZEL: Sampled Images:
[12:56:44] [trace] HAZEL: Storage Images:
[12:56:44] [trace] HAZEL: ===========================
[12:56:44] [info] HAZEL: Creating descriptor set 0 with 1 ubos, 0 samplers and 0 storage images
[12:56:44] [trace] HAZEL: ===========================
[12:56:44] [trace] HAZEL:  Vulkan Shader Reflection
[12:56:44] [trace] HAZEL:  Resources/shaders/SceneComposite.glsl
[12:56:44] [trace] HAZEL: ===========================
[12:56:44] [trace] HAZEL: Uniform Buffers:
[12:56:44] [trace] HAZEL: Push Constant Buffers:
[12:56:44] [trace] HAZEL: Sampled Images:
[12:56:44] [trace] HAZEL: Storage Images:
[12:56:44] [trace] HAZEL: ===========================
[12:56:44] [trace] HAZEL: ===========================
[12:56:44] [trace] HAZEL:  Vulkan Shader Reflection
[12:56:44] [trace] HAZEL:  Resources/shaders/SceneComposite.glsl
[12:56:44] [trace] HAZEL: ===========================
[12:56:44] [trace] HAZEL: Uniform Buffers:
[12:56:44] [trace] HAZEL: Push Constant Buffers:
[12:56:44] [trace] HAZEL:   Name: u_Uniforms
[12:56:44] [trace] HAZEL:   Member Count: 1
[12:56:44] [trace] HAZEL:   Size: 4
[12:56:44] [trace] HAZEL: Sampled Images:
[12:56:44] [trace] HAZEL:   u_Texture (0, 0)
[12:56:44] [trace] HAZEL: Storage Images:
[12:56:44] [trace] HAZEL: ===========================
[12:56:44] [info] HAZEL: Creating descriptor set 0 with 0 ubos, 1 samplers and 0 storage images
[12:56:44] [trace] HAZEL: ===========================
[12:56:44] [trace] HAZEL:  Vulkan Shader Reflection
[12:56:44] [trace] HAZEL:  Resources/shaders/HazelPBR_Static.glsl
[12:56:44] [trace] HAZEL: ===========================
[12:56:44] [trace] HAZEL: Uniform Buffers:
[12:56:44] [trace] HAZEL: VulkanAllocator (UniformBuffer): allocating buffer; size = 0.00 bytes
[12:56:44] [trace] HAZEL: VulkanAllocator (UniformBuffer): total allocated since start is 67.50 MB
[12:56:44] [trace] HAZEL:   ShadowData (0, 1)
[12:56:44] [trace] HAZEL:   Member Count: 1
[12:56:44] [trace] HAZEL:   Size: 256
[12:56:44] [trace] HAZEL: -------------------
[12:56:44] [trace] HAZEL: Resizing uniform buffer (binding = 0, set = 0) to 192 bytes
[12:56:44] [trace] HAZEL: VulkanAllocator (UniformBuffer): allocating buffer; size = 0.00 bytes
[12:56:44] [trace] HAZEL: VulkanAllocator (UniformBuffer): total allocated since start is 67.50 MB
[12:56:44] [trace] HAZEL:   Camera (0, 0)
[12:56:44] [trace] HAZEL:   Member Count: 3
[12:56:44] [trace] HAZEL:   Size: 192
[12:56:44] [trace] HAZEL: -------------------
[12:56:44] [trace] HAZEL: Push Constant Buffers:
[12:56:44] [trace] HAZEL: Sampled Images:
[12:56:44] [trace] HAZEL: Storage Images:
[12:56:44] [trace] HAZEL: ===========================
[12:56:44] [trace] HAZEL: ===========================
[12:56:44] [trace] HAZEL:  Vulkan Shader Reflection
[12:56:44] [trace] HAZEL:  Resources/shaders/HazelPBR_Static.glsl
[12:56:44] [trace] HAZEL: ===========================
[12:56:44] [trace] HAZEL: Uniform Buffers:
[12:56:44] [trace] HAZEL: VulkanAllocator (UniformBuffer): allocating buffer; size = 0.00 bytes
[12:56:44] [trace] HAZEL: VulkanAllocator (UniformBuffer): total allocated since start is 67.50 MB
[12:56:44] [trace] HAZEL:   SceneData (0, 2)
[12:56:44] [trace] HAZEL:   Member Count: 3
[12:56:44] [trace] HAZEL:   Size: 48
[12:56:44] [trace] HAZEL: -------------------
[12:56:44] [trace] HAZEL: VulkanAllocator (UniformBuffer): allocating buffer; size = 0.00 bytes
[12:56:44] [trace] HAZEL: VulkanAllocator (UniformBuffer): total allocated since start is 67.50 MB
[12:56:44] [trace] HAZEL:   RendererData (0, 3)
[12:56:44] [trace] HAZEL:   Member Count: 8
[12:56:44] [trace] HAZEL:   Size: 44
[12:56:44] [trace] HAZEL: -------------------
[12:56:44] [trace] HAZEL: Push Constant Buffers:
[12:56:44] [trace] HAZEL:   Name: u_MaterialUniforms
[12:56:44] [trace] HAZEL:   Member Count: 5
[12:56:44] [trace] HAZEL:   Size: 92
[12:56:44] [trace] HAZEL: Sampled Images:
[12:56:44] [trace] HAZEL:   u_EnvIrradianceTex (1, 9)
[12:56:44] [trace] HAZEL:   u_EnvRadianceTex (1, 8)
[12:56:44] [trace] HAZEL:   u_BRDFLUTTexture (1, 10)
[12:56:44] [trace] HAZEL:   u_AlbedoTexture (0, 4)
[12:56:44] [trace] HAZEL:   u_MetalnessTexture (0, 6)
[12:56:44] [trace] HAZEL:   u_RoughnessTexture (0, 7)
[12:56:44] [trace] HAZEL:   u_NormalTexture (0, 5)
[12:56:44] [trace] HAZEL:   u_ShadowMapTexture (1, 11)
[12:56:44] [trace] HAZEL: Storage Images:
[12:56:44] [trace] HAZEL: ===========================
[12:56:44] [info] HAZEL: Creating descriptor set 0 with 4 ubos, 4 samplers and 0 storage images
[12:56:44] [info] HAZEL: Creating descriptor set 1 with 0 ubos, 4 samplers and 0 storage images
[12:56:44] [trace] HAZEL: ===========================
[12:56:44] [trace] HAZEL:  Vulkan Shader Reflection
[12:56:44] [trace] HAZEL:  Resources/shaders/Skybox.glsl
[12:56:44] [trace] HAZEL: ===========================
[12:56:44] [trace] HAZEL: Uniform Buffers:
[12:56:44] [trace] HAZEL:   Camera (0, 0)
[12:56:44] [trace] HAZEL:   Member Count: 2
[12:56:44] [trace] HAZEL:   Size: 128
[12:56:44] [trace] HAZEL: -------------------
[12:56:44] [trace] HAZEL: Push Constant Buffers:
[12:56:44] [trace] HAZEL: Sampled Images:
[12:56:44] [trace] HAZEL: Storage Images:
[12:56:44] [trace] HAZEL: ===========================
[12:56:44] [trace] HAZEL: ===========================
[12:56:44] [trace] HAZEL:  Vulkan Shader Reflection
[12:56:44] [trace] HAZEL:  Resources/shaders/Skybox.glsl
[12:56:44] [trace] HAZEL: ===========================
[12:56:44] [trace] HAZEL: Uniform Buffers:
[12:56:44] [trace] HAZEL: Push Constant Buffers:
[12:56:44] [trace] HAZEL:   Name: u_Uniforms
[12:56:44] [trace] HAZEL:   Member Count: 1
[12:56:44] [trace] HAZEL:   Size: 4
[12:56:44] [trace] HAZEL: Sampled Images:
[12:56:44] [trace] HAZEL:   u_Texture (0, 1)
[12:56:44] [trace] HAZEL: Storage Images:
[12:56:44] [trace] HAZEL: ===========================
[12:56:44] [info] HAZEL: Creating descriptor set 0 with 1 ubos, 1 samplers and 0 storage images
[12:56:44] [trace] HAZEL: ===========================
[12:56:44] [trace] HAZEL:  Vulkan Shader Reflection
[12:56:44] [trace] HAZEL:  Resources/shaders/ShadowMap.glsl
[12:56:44] [trace] HAZEL: ===========================
[12:56:44] [trace] HAZEL: Uniform Buffers:
[12:56:44] [trace] HAZEL:   ShadowData (0, 1)
[12:56:44] [trace] HAZEL:   Member Count: 1
[12:56:44] [trace] HAZEL:   Size: 256
[12:56:44] [trace] HAZEL: -------------------
[12:56:44] [trace] HAZEL: Push Constant Buffers:
[12:56:44] [trace] HAZEL: Sampled Images:
[12:56:44] [trace] HAZEL: Storage Images:
[12:56:44] [trace] HAZEL: ===========================
[12:56:44] [trace] HAZEL: ===========================
[12:56:44] [trace] HAZEL:  Vulkan Shader Reflection
[12:56:44] [trace] HAZEL:  Resources/shaders/ShadowMap.glsl
[12:56:44] [trace] HAZEL: ===========================
[12:56:44] [trace] HAZEL: Uniform Buffers:
[12:56:44] [trace] HAZEL: Push Constant Buffers:
[12:56:44] [trace] HAZEL: Sampled Images:
[12:56:44] [trace] HAZEL: Storage Images:
[12:56:44] [trace] HAZEL: ===========================
[12:56:44] [info] HAZEL: Creating descriptor set 0 with 1 ubos, 0 samplers and 0 storage images
[12:56:44] [trace] HAZEL: GPU Info:
[12:56:44] [trace] HAZEL:   Vendor: NVIDIA
[12:56:44] [trace] HAZEL:   Device: NVIDIA GeForce RTX 4060 Laptop GPU
[12:56:44] [trace] HAZEL:   Version: 2438201344
[12:56:44] [trace] HAZEL: VulkanAllocator (Texture2D): allocating buffer; size = 0.00 bytes
[12:56:44] [trace] HAZEL: VulkanAllocator (Texture2D): total allocated since start is 67.50 MB
[12:56:44] [trace] HAZEL: VulkanAllocator (Texture2D): allocating image; size = 0.00 bytes
[12:56:44] [trace] HAZEL: VulkanAllocator (Texture2D): total allocated since start is 67.50 MB
[12:56:44] [warning] HAZEL: VulkanImage2D::UpdateDescriptor to ImageView = 0x580000000058
[12:56:44] [trace] HAZEL: VulkanAllocator (TextureCube): allocating image; size = 3.00 KB
[12:56:44] [trace] HAZEL: VulkanAllocator (TextureCube): total allocated since start is 67.50 MB
[12:56:44] [trace] HAZEL: VulkanAllocator (TextureCube): allocating buffer; size = 0.00 bytes
[12:56:44] [trace] HAZEL: VulkanAllocator (TextureCube): total allocated since start is 67.50 MB
[12:56:44] [trace] HAZEL: VulkanAllocator (VertexBuffer): allocating buffer; size = 0.00 bytes
[12:56:44] [trace] HAZEL: VulkanAllocator (VertexBuffer): total allocated since start is 67.50 MB
[12:56:44] [trace] HAZEL: VulkanAllocator (IndexBuffer): allocating buffer; size = 0.00 bytes
[12:56:44] [trace] HAZEL: VulkanAllocator (IndexBuffer): total allocated since start is 67.50 MB
[12:56:44] [trace] HAZEL: VulkanAllocator (Texture2D): allocating buffer; size = 256.00 KB
[12:56:44] [trace] HAZEL: VulkanAllocator (Texture2D): total allocated since start is 67.75 MB
[12:56:44] [trace] HAZEL: VulkanAllocator (Texture2D): allocating image; size = 343.00 KB
[12:56:44] [trace] HAZEL: VulkanAllocator (Texture2D): total allocated since start is 68.09 MB
[12:56:44] [warning] HAZEL: VulkanImage2D::UpdateDescriptor to ImageView = 0x660000000066
[12:56:44] [trace] HAZEL: VulkanAllocator (Texture2D): allocating buffer; size = 256.00 KB
[12:56:44] [trace] HAZEL: VulkanAllocator (Texture2D): total allocated since start is 68.34 MB
[12:56:44] [trace] HAZEL: VulkanAllocator (Texture2D): allocating image; size = 343.00 KB
[12:56:44] [trace] HAZEL: VulkanAllocator (Texture2D): total allocated since start is 68.67 MB
[12:56:44] [warning] HAZEL: VulkanImage2D::UpdateDescriptor to ImageView = 0x700000000070
[12:56:44] [trace] HAZEL: VulkanAllocator (Framebuffer): allocating image; size = 64.00 MB
[12:56:44] [trace] HAZEL: VulkanAllocator (Framebuffer): total allocated since start is 132.67 MB
[12:56:44] [warning] HAZEL: VulkanImage2D::UpdateDescriptor to ImageView = 0x740000000074
[12:56:44] [trace] HAZEL: VulkanAllocator (Framebuffer): allocating image; size = 64.00 MB
[12:56:44] [trace] HAZEL: VulkanAllocator (Framebuffer): total allocated since start is 196.67 MB
[12:56:44] [warning] HAZEL: VulkanImage2D::UpdateDescriptor to ImageView = 0x7a000000007a
[12:56:44] [trace] HAZEL: VulkanAllocator (Framebuffer): allocating image; size = 64.00 MB
[12:56:44] [trace] HAZEL: VulkanAllocator (Framebuffer): total allocated since start is 260.67 MB
[12:56:44] [warning] HAZEL: VulkanImage2D::UpdateDescriptor to ImageView = 0x800000000080
[12:56:44] [trace] HAZEL: VulkanAllocator (Framebuffer): allocating image; size = 64.00 MB
[12:56:44] [trace] HAZEL: VulkanAllocator (Framebuffer): total allocated since start is 324.67 MB
[12:56:44] [warning] HAZEL: VulkanImage2D::UpdateDescriptor to ImageView = 0x860000000086
[12:56:44] [warning] HAZEL: VulkanPipeline - Updating 1 descriptor sets
[12:56:44] [trace] HAZEL: VulkanAllocator (Framebuffer): allocating image; size = 15.00 MB
[12:56:44] [trace] HAZEL: VulkanAllocator (Framebuffer): total allocated since start is 339.67 MB
[12:56:44] [warning] HAZEL: VulkanImage2D::UpdateDescriptor to ImageView = 0x910000000091
[12:56:44] [trace] HAZEL: VulkanAllocator (Framebuffer): allocating image; size = 15.00 MB
[12:56:44] [trace] HAZEL: VulkanAllocator (Framebuffer): total allocated since start is 354.67 MB
[12:56:44] [warning] HAZEL: VulkanImage2D::UpdateDescriptor to ImageView = 0x950000000095
[12:56:44] [trace] HAZEL: VulkanAllocator (Framebuffer): allocating image; size = 7.50 MB
[12:56:44] [trace] HAZEL: VulkanAllocator (Framebuffer): total allocated since start is 362.17 MB
[12:56:44] [warning] HAZEL: VulkanImage2D::UpdateDescriptor to ImageView = 0x990000000099
[12:56:44] [warning] HAZEL: VulkanPipeline - Updating 4 descriptor sets
[12:56:44] [trace] HAZEL: VulkanAllocator (Framebuffer): allocating image; size = 15.00 MB
[12:56:44] [trace] HAZEL: VulkanAllocator (Framebuffer): total allocated since start is 377.17 MB
[12:56:44] [warning] HAZEL: VulkanImage2D::UpdateDescriptor to ImageView = 0xa400000000a4
[12:56:44] [warning] HAZEL: VulkanPipeline - Updating 0 descriptor sets
[12:56:44] [warning] HAZEL: VulkanPipeline - Updating 1 descriptor sets
[12:56:44] [warning] HAZEL: VulkanPipeline - Updating 1 descriptor sets
[12:56:45] [error] HAZEL: No C# component class found for TagComponent!
[12:56:45] [error] HAZEL: No C# component class found for TransformComponent!
[12:56:45] [error] HAZEL: No C# component class found for MeshComponent!
[12:56:45] [error] HAZEL: No C# component class found for ScriptComponent!
[12:56:45] [error] HAZEL: No C# component class found for CameraComponent!
[12:56:45] [error] HAZEL: No C# component class found for SpriteRendererComponent!
[12:56:45] [error] HAZEL: No C# component class found for RigidBody2DComponent!
[12:56:45] [error] HAZEL: No C# component class found for BoxCollider2DComponent!
[12:56:45] [error] HAZEL: No C# component class found for RigidBodyComponent!
[12:56:45] [error] HAZEL: No C# component class found for BoxColliderComponent!
[12:56:45] [error] HAZEL: No C# component class found for SphereColliderComponent!
[12:56:45] [trace] HAZEL: VulkanAllocator (Texture2D): allocating buffer; size = 16.00 KB
[12:56:45] [trace] HAZEL: VulkanAllocator (Texture2D): total allocated since start is 377.19 MB
[12:56:45] [trace] HAZEL: VulkanAllocator (Texture2D): allocating image; size = 23.00 KB
[12:56:45] [trace] HAZEL: VulkanAllocator (Texture2D): total allocated since start is 377.21 MB
[12:56:45] [warning] HAZEL: VulkanImage2D::UpdateDescriptor to ImageView = 0xcd00000000cd
[12:56:45] [trace] HAZEL: VulkanAllocator (Texture2D): allocating buffer; size = 4.00 KB
[12:56:45] [trace] HAZEL: VulkanAllocator (Texture2D): total allocated since start is 377.22 MB
[12:56:45] [trace] HAZEL: VulkanAllocator (Texture2D): allocating image; size = 7.00 KB
[12:56:45] [trace] HAZEL: VulkanAllocator (Texture2D): total allocated since start is 377.22 MB
[12:56:45] [warning] HAZEL: VulkanImage2D::UpdateDescriptor to ImageView = 0xd300000000d3
[12:56:45] [trace] HAZEL: VulkanAllocator (Texture2D): allocating buffer; size = 4.00 KB
[12:56:45] [trace] HAZEL: VulkanAllocator (Texture2D): total allocated since start is 377.23 MB
[12:56:45] [trace] HAZEL: VulkanAllocator (Texture2D): allocating image; size = 7.00 KB
[12:56:45] [trace] HAZEL: VulkanAllocator (Texture2D): total allocated since start is 377.23 MB
[12:56:45] [warning] HAZEL: VulkanImage2D::UpdateDescriptor to ImageView = 0xd900000000d9
[12:56:45] [trace] HAZEL: VulkanAllocator (Texture2D): allocating buffer; size = 4.00 KB
[12:56:45] [trace] HAZEL: VulkanAllocator (Texture2D): total allocated since start is 377.24 MB
[12:56:45] [trace] HAZEL: VulkanAllocator (Texture2D): allocating image; size = 7.00 KB
[12:56:45] [trace] HAZEL: VulkanAllocator (Texture2D): total allocated since start is 377.24 MB
[12:56:45] [warning] HAZEL: VulkanImage2D::UpdateDescriptor to ImageView = 0xdf00000000df
[12:56:45] [trace] HAZEL: VulkanAllocator (Texture2D): allocating buffer; size = 1024.00 KB
[12:56:45] [trace] HAZEL: VulkanAllocator (Texture2D): total allocated since start is 378.24 MB
[12:56:45] [trace] HAZEL: VulkanAllocator (Texture2D): allocating image; size = 1.33 MB
[12:56:45] [trace] HAZEL: VulkanAllocator (Texture2D): total allocated since start is 379.58 MB
[12:56:45] [warning] HAZEL: VulkanImage2D::UpdateDescriptor to ImageView = 0xe500000000e5
[12:56:45] [trace] HAZEL: VulkanAllocator (Texture2D): allocating buffer; size = 156.25 KB
[12:56:45] [trace] HAZEL: VulkanAllocator (Texture2D): total allocated since start is 379.73 MB
[12:56:45] [trace] HAZEL: VulkanAllocator (Texture2D): allocating image; size = 286.50 KB
[12:56:45] [trace] HAZEL: VulkanAllocator (Texture2D): total allocated since start is 380.01 MB
[12:56:45] [warning] HAZEL: VulkanImage2D::UpdateDescriptor to ImageView = 0xeb00000000eb
[12:56:45] [trace] HAZEL: VulkanAllocator (Texture2D): allocating buffer; size = 386.38 KB
[12:56:45] [trace] HAZEL: VulkanAllocator (Texture2D): total allocated since start is 380.39 MB
[12:56:45] [trace] HAZEL: VulkanAllocator (Texture2D): allocating image; size = 698.50 KB
[12:56:45] [trace] HAZEL: VulkanAllocator (Texture2D): total allocated since start is 381.07 MB
[12:56:45] [warning] HAZEL: VulkanImage2D::UpdateDescriptor to ImageView = 0xf100000000f1
[12:56:45] [trace] HAZEL: VulkanAllocator (Texture2D): allocating buffer; size = 1024.00 KB
[12:56:45] [trace] HAZEL: VulkanAllocator (Texture2D): total allocated since start is 382.07 MB
[12:56:45] [trace] HAZEL: VulkanAllocator (Texture2D): allocating image; size = 1.33 MB
[12:56:45] [trace] HAZEL: VulkanAllocator (Texture2D): total allocated since start is 383.41 MB
[12:56:45] [warning] HAZEL: VulkanImage2D::UpdateDescriptor to ImageView = 0xf700000000f7
[12:56:45] [trace] HAZEL: VulkanAllocator (Texture2D): allocating buffer; size = 1024.00 KB
[12:56:45] [trace] HAZEL: VulkanAllocator (Texture2D): total allocated since start is 384.41 MB
[12:56:45] [trace] HAZEL: VulkanAllocator (Texture2D): allocating image; size = 1.33 MB
[12:56:45] [trace] HAZEL: VulkanAllocator (Texture2D): total allocated since start is 385.74 MB
[12:56:45] [warning] HAZEL: VulkanImage2D::UpdateDescriptor to ImageView = 0xfd00000000fd
[12:56:45] [trace] HAZEL: VulkanAllocator (Texture2D): allocating buffer; size = 327.38 KB
[12:56:45] [trace] HAZEL: VulkanAllocator (Texture2D): total allocated since start is 386.06 MB
[12:56:45] [trace] HAZEL: VulkanAllocator (Texture2D): allocating image; size = 634.50 KB
[12:56:45] [trace] HAZEL: VulkanAllocator (Texture2D): total allocated since start is 386.68 MB
[12:56:45] [warning] HAZEL: VulkanImage2D::UpdateDescriptor to ImageView = 0x1030000000103
[12:56:45] [trace] HAZEL: VulkanAllocator (Texture2D): allocating buffer; size = 327.22 KB
[12:56:45] [trace] HAZEL: VulkanAllocator (Texture2D): total allocated since start is 387.00 MB
[12:56:45] [trace] HAZEL: VulkanAllocator (Texture2D): allocating image; size = 634.50 KB
[12:56:45] [trace] HAZEL: VulkanAllocator (Texture2D): total allocated since start is 387.62 MB
[12:56:45] [warning] HAZEL: VulkanImage2D::UpdateDescriptor to ImageView = 0x1090000000109
[12:56:45] [trace] HAZEL: VulkanAllocator (Texture2D): allocating buffer; size = 156.25 KB
[12:56:45] [trace] HAZEL: VulkanAllocator (Texture2D): total allocated since start is 387.77 MB
[12:56:45] [trace] HAZEL: VulkanAllocator (Texture2D): allocating image; size = 286.50 KB
[12:56:45] [trace] HAZEL: VulkanAllocator (Texture2D): total allocated since start is 388.05 MB
[12:56:45] [warning] HAZEL: VulkanImage2D::UpdateDescriptor to ImageView = 0x10f000000010f
[12:56:45] [trace] HAZEL: VulkanAllocator (Texture2D): allocating buffer; size = 9.77 MB
[12:56:45] [trace] HAZEL: VulkanAllocator (Texture2D): total allocated since start is 397.82 MB
[12:56:45] [trace] HAZEL: VulkanAllocator (Texture2D): allocating image; size = 13.95 MB
[12:56:45] [trace] HAZEL: VulkanAllocator (Texture2D): total allocated since start is 411.77 MB
[12:56:45] [warning] HAZEL: VulkanImage2D::UpdateDescriptor to ImageView = 0x1150000000115
[12:56:45] [trace] HAZEL: VulkanAllocator (Texture2D): allocating buffer; size = 9.77 MB
[12:56:45] [trace] HAZEL: VulkanAllocator (Texture2D): total allocated since start is 421.53 MB
[12:56:45] [trace] HAZEL: VulkanAllocator (Texture2D): allocating image; size = 13.95 MB
[12:56:45] [trace] HAZEL: VulkanAllocator (Texture2D): total allocated since start is 435.49 MB
[12:56:45] [warning] HAZEL: VulkanImage2D::UpdateDescriptor to ImageView = 0x11c000000011c
[12:56:45] [trace] HAZEL: VulkanAllocator (Texture2D): allocating buffer; size = 1024.00 KB
[12:56:45] [trace] HAZEL: VulkanAllocator (Texture2D): total allocated since start is 436.49 MB
[12:56:45] [trace] HAZEL: VulkanAllocator (Texture2D): allocating image; size = 1.33 MB
[12:56:45] [trace] HAZEL: VulkanAllocator (Texture2D): total allocated since start is 437.82 MB
[12:56:45] [warning] HAZEL: VulkanImage2D::UpdateDescriptor to ImageView = 0x1220000000122
[12:56:45] [warning] HAZEL: VulkanMaterial - Updating 2 descriptor sets
[12:56:45] [warning] HAZEL: VulkanMaterial - Updating 1 descriptor sets
[12:56:45] [warning] HAZEL: VulkanMaterial - Updating 1 descriptor sets
[12:56:45] [warning] HAZEL: VulkanDebugCallback:
  Object Type: 8
  Message: vkFlushMappedMemoryRanges(): pMemoryRanges[0].size is VK_WHOLE_SIZE and the mapping end (1680 = 0 + 1680) not a multiple of VkPhysicalDeviceLimits::nonCoherentAtomSize (64) and not equal to the end of the memory object (1792).
The Vulkan spec states: If size is equal to VK_WHOLE_SIZE, the end of the current mapping of memory must either be a multiple of VkPhysicalDeviceLimits::nonCoherentAtomSize bytes from the beginning of the memory object, or be equal to the end of the memory object (https://docs.vulkan.org/spec/latest/chapters/memory.html#VUID-VkMappedMemoryRange-size-01389)
[12:56:45] [warning] HAZEL: VulkanDebugCallback:
  Object Type: 8
  Message: vkFlushMappedMemoryRanges(): pMemoryRanges[1].size is VK_WHOLE_SIZE and the mapping end (252 = 0 + 252) not a multiple of VkPhysicalDeviceLimits::nonCoherentAtomSize (64) and not equal to the end of the memory object (256).
The Vulkan spec states: If size is equal to VK_WHOLE_SIZE, the end of the current mapping of memory must either be a multiple of VkPhysicalDeviceLimits::nonCoherentAtomSize bytes from the beginning of the memory object, or be equal to the end of the memory object (https://docs.vulkan.org/spec/latest/chapters/memory.html#VUID-VkMappedMemoryRange-size-01389)
[12:56:45] [warning] HAZEL: VulkanImage2D::Release ImageView = 0x910000000091
[12:56:45] [warning] HAZEL: VulkanImage2D::Release ImageView = 0x950000000095
[12:56:45] [warning] HAZEL: VulkanImage2D::Release ImageView = 0x990000000099
[12:56:45] [trace] HAZEL: VulkanAllocator (Framebuffer): allocating image; size = 28.38 MB
[12:56:45] [trace] HAZEL: VulkanAllocator (Framebuffer): total allocated since start is 466.20 MB
[12:56:45] [warning] HAZEL: VulkanImage2D::UpdateDescriptor to ImageView = 0x1340000000134
[12:56:45] [trace] HAZEL: VulkanAllocator (Framebuffer): allocating image; size = 28.38 MB
[12:56:45] [trace] HAZEL: VulkanAllocator (Framebuffer): total allocated since start is 494.59 MB
[12:56:45] [warning] HAZEL: VulkanImage2D::UpdateDescriptor to ImageView = 0x1380000000138
[12:56:45] [trace] HAZEL: VulkanAllocator (Framebuffer): allocating image; size = 14.22 MB
[12:56:45] [trace] HAZEL: VulkanAllocator (Framebuffer): total allocated since start is 508.81 MB
[12:56:45] [warning] HAZEL: VulkanImage2D::UpdateDescriptor to ImageView = 0x13c000000013c
[12:56:45] [warning] HAZEL: VulkanImage2D::Release ImageView = 0xa400000000a4
[12:56:45] [trace] HAZEL: VulkanAllocator (Framebuffer): allocating image; size = 28.38 MB
[12:56:45] [trace] HAZEL: VulkanAllocator (Framebuffer): total allocated since start is 537.19 MB
[12:56:45] [warning] HAZEL: VulkanImage2D::UpdateDescriptor to ImageView = 0x1420000000142
[12:56:45] [warning] HAZEL: Found out of date Image2D descriptor (0x1340000000134 vs. 0x910000000091)
[12:56:45] [warning] HAZEL: VulkanMaterial - Updating 1 descriptor sets
[12:56:45] [warning] HAZEL: VulkanDebugCallback:
  Object Type: 8
  Message: vkFlushMappedMemoryRanges(): pMemoryRanges[0].size is VK_WHOLE_SIZE and the mapping end (75880 = 0 + 75880) not a multiple of VkPhysicalDeviceLimits::nonCoherentAtomSize (64) and not equal to the end of the memory object (76032).
The Vulkan spec states: If size is equal to VK_WHOLE_SIZE, the end of the current mapping of memory must either be a multiple of VkPhysicalDeviceLimits::nonCoherentAtomSize bytes from the beginning of the memory object, or be equal to the end of the memory object (https://docs.vulkan.org/spec/latest/chapters/memory.html#VUID-VkMappedMemoryRange-size-01389)
[12:56:45] [warning] HAZEL: VulkanDebugCallback:
  Object Type: 8
  Message: vkFlushMappedMemoryRanges(): pMemoryRanges[1].size is VK_WHOLE_SIZE and the mapping end (13194 = 0 + 13194) not a multiple of VkPhysicalDeviceLimits::nonCoherentAtomSize (64) and not equal to the end of the memory object (13312).
The Vulkan spec states: If size is equal to VK_WHOLE_SIZE, the end of the current mapping of memory must either be a multiple of VkPhysicalDeviceLimits::nonCoherentAtomSize bytes from the beginning of the memory object, or be equal to the end of the memory object (https://docs.vulkan.org/spec/latest/chapters/memory.html#VUID-VkMappedMemoryRange-size-01389)
[12:56:45] [warning] HAZEL: VulkanDebugCallback:
  Object Type: 5
  Message: vkQueueSubmit(): pSubmits[0].pSignalSemaphores[0] (VkSemaphore 0x230000000023) is being signaled by VkQueue 0x1fe409c3320, but it may still be in use by VkSwapchainKHR 0x1a000000001a.
Most recently acquired image indices: [0], 1.
(Brackets mark the last use of VkSemaphore 0x230000000023 in a presentation operation.)
Swapchain image 0 was presented but was not re-acquired, so VkSemaphore 0x230000000023 may still be in use and cannot be safely reused with image index 1.
Vulkan insight: See https://docs.vulkan.org/guide/latest/swapchain_semaphore_reuse.html for details on swapchain semaphore reuse. Examples of possible approaches:
   a) Use a separate semaphore per swapchain image. Index these semaphores using the index of the acquired image.
   b) Consider the VK_KHR_swapchain_maintenance1 extension. It allows using a VkFence with the presentation operation.
The Vulkan spec states: Each binary semaphore element of the pSignalSemaphores member of any element of pSubmits must be unsignaled when the semaphore signal operation it defines is executed on the device (https://docs.vulkan.org/spec/latest/chapters/cmdbuffers.html#VUID-vkQueueSubmit-pSignalSemaphores-00067)
[12:56:45] [warning] HAZEL: VulkanImage2D::Release ImageView = 0x1340000000134
[12:56:45] [warning] HAZEL: VulkanImage2D::Release ImageView = 0x1380000000138
[12:56:45] [warning] HAZEL: VulkanImage2D::Release ImageView = 0x13c000000013c
[12:56:45] [trace] HAZEL: VulkanAllocator (Framebuffer): allocating image; size = 22.75 MB
[12:56:45] [trace] HAZEL: VulkanAllocator (Framebuffer): total allocated since start is 559.94 MB
[12:56:45] [warning] HAZEL: VulkanImage2D::UpdateDescriptor to ImageView = 0x14d000000014d
[12:56:45] [trace] HAZEL: VulkanAllocator (Framebuffer): allocating image; size = 22.75 MB
[12:56:45] [trace] HAZEL: VulkanAllocator (Framebuffer): total allocated since start is 582.69 MB
[12:56:45] [warning] HAZEL: VulkanImage2D::UpdateDescriptor to ImageView = 0x1510000000151
[12:56:45] [trace] HAZEL: VulkanAllocator (Framebuffer): allocating image; size = 11.38 MB
[12:56:45] [trace] HAZEL: VulkanAllocator (Framebuffer): total allocated since start is 594.06 MB
[12:56:45] [warning] HAZEL: VulkanImage2D::UpdateDescriptor to ImageView = 0x1550000000155
[12:56:45] [warning] HAZEL: VulkanImage2D::Release ImageView = 0x1420000000142
[12:56:45] [trace] HAZEL: VulkanAllocator (Framebuffer): allocating image; size = 22.75 MB
[12:56:45] [trace] HAZEL: VulkanAllocator (Framebuffer): total allocated since start is 616.81 MB
[12:56:45] [warning] HAZEL: VulkanImage2D::UpdateDescriptor to ImageView = 0x15b000000015b
[12:56:45] [warning] HAZEL: VulkanMaterial - Updating 1 descriptor sets
[12:56:45] [warning] HAZEL: VulkanDebugCallback:
  Object Type: 8
  Message: vkFlushMappedMemoryRanges(): pMemoryRanges[0].size is VK_WHOLE_SIZE and the mapping end (75720 = 0 + 75720) not a multiple of VkPhysicalDeviceLimits::nonCoherentAtomSize (64) and not equal to the end of the memory object (75776).
The Vulkan spec states: If size is equal to VK_WHOLE_SIZE, the end of the current mapping of memory must either be a multiple of VkPhysicalDeviceLimits::nonCoherentAtomSize bytes from the beginning of the memory object, or be equal to the end of the memory object (https://docs.vulkan.org/spec/latest/chapters/memory.html#VUID-VkMappedMemoryRange-size-01389)
[12:56:45] [warning] HAZEL: VulkanDebugCallback:
  Object Type: 8
  Message: vkFlushMappedMemoryRanges(): pMemoryRanges[1].size is VK_WHOLE_SIZE and the mapping end (13170 = 0 + 13170) not a multiple of VkPhysicalDeviceLimits::nonCoherentAtomSize (64) and not equal to the end of the memory object (13312).
The Vulkan spec states: If size is equal to VK_WHOLE_SIZE, the end of the current mapping of memory must either be a multiple of VkPhysicalDeviceLimits::nonCoherentAtomSize bytes from the beginning of the memory object, or be equal to the end of the memory object (https://docs.vulkan.org/spec/latest/chapters/memory.html#VUID-VkMappedMemoryRange-size-01389)
[12:56:45] [warning] HAZEL: VulkanMaterial - Updating 1 descriptor sets
[12:56:45] [warning] HAZEL: VulkanDebugCallback:
  Object Type: 8
  Message: vkFlushMappedMemoryRanges(): pMemoryRanges[0].size is VK_WHOLE_SIZE and the mapping end (75720 = 0 + 75720) not a multiple of VkPhysicalDeviceLimits::nonCoherentAtomSize (64) and not equal to the end of the memory object (75776).
The Vulkan spec states: If size is equal to VK_WHOLE_SIZE, the end of the current mapping of memory must either be a multiple of VkPhysicalDeviceLimits::nonCoherentAtomSize bytes from the beginning of the memory object, or be equal to the end of the memory object (https://docs.vulkan.org/spec/latest/chapters/memory.html#VUID-VkMappedMemoryRange-size-01389)
[12:56:45] [warning] HAZEL: VulkanDebugCallback:
  Object Type: 8
  Message: vkFlushMappedMemoryRanges(): pMemoryRanges[1].size is VK_WHOLE_SIZE and the mapping end (13170 = 0 + 13170) not a multiple of VkPhysicalDeviceLimits::nonCoherentAtomSize (64) and not equal to the end of the memory object (13312).
The Vulkan spec states: If size is equal to VK_WHOLE_SIZE, the end of the current mapping of memory must either be a multiple of VkPhysicalDeviceLimits::nonCoherentAtomSize bytes from the beginning of the memory object, or be equal to the end of the memory object (https://docs.vulkan.org/spec/latest/chapters/memory.html#VUID-VkMappedMemoryRange-size-01389)
[12:56:45] [warning] HAZEL: VulkanDebugCallback:
  Object Type: 8
  Message: vkFlushMappedMemoryRanges(): pMemoryRanges[0].size is VK_WHOLE_SIZE and the mapping end (75640 = 0 + 75640) not a multiple of VkPhysicalDeviceLimits::nonCoherentAtomSize (64) and not equal to the end of the memory object (76032).
The Vulkan spec states: If size is equal to VK_WHOLE_SIZE, the end of the current mapping of memory must either be a multiple of VkPhysicalDeviceLimits::nonCoherentAtomSize bytes from the beginning of the memory object, or be equal to the end of the memory object (https://docs.vulkan.org/spec/latest/chapters/memory.html#VUID-VkMappedMemoryRange-size-01389)
[12:56:45] [warning] HAZEL: VulkanDebugCallback:
  Object Type: 8
  Message: (Warning - This VUID has now been reported 10 times, which is the duplicate_message_limit value, this will be the last time reporting it).
vkFlushMappedMemoryRanges(): pMemoryRanges[1].size is VK_WHOLE_SIZE and the mapping end (13158 = 0 + 13158) not a multiple of VkPhysicalDeviceLimits::nonCoherentAtomSize (64) and not equal to the end of the memory object (13312).
The Vulkan spec states: If size is equal to VK_WHOLE_SIZE, the end of the current mapping of memory must either be a multiple of VkPhysicalDeviceLimits::nonCoherentAtomSize bytes from the beginning of the memory object, or be equal to the end of the memory object (https://docs.vulkan.org/spec/latest/chapters/memory.html#VUID-VkMappedMemoryRange-size-01389)
[12:56:48] [warning] HAZEL: VulkanImage2D::Release ImageView = 0xcd00000000cd
[12:56:48] [warning] HAZEL: VulkanDebugCallback:
  Object Type: 0
  Message: vkDestroyImageView(): can't be called on VkImageView 0xd300000000d3 that is currently in use by VkDescriptorSet 0x12b000000012b.
The Vulkan spec states: All submitted commands that refer to imageView must have completed execution (https://docs.vulkan.org/spec/latest/chapters/resources.html#VUID-vkDestroyImageView-imageView-01026)
[12:56:48] [warning] HAZEL: VulkanImage2D::Release ImageView = 0xd300000000d3
[12:56:48] [warning] HAZEL: VulkanImage2D::Release ImageView = 0xd900000000d9
[12:56:48] [warning] HAZEL: VulkanImage2D::Release ImageView = 0xdf00000000df
[12:56:48] [warning] HAZEL: VulkanImage2D::Release ImageView = 0xe500000000e5
[12:56:48] [warning] HAZEL: VulkanImage2D::Release ImageView = 0x1150000000115
[12:56:48] [warning] HAZEL: VulkanImage2D::Release ImageView = 0x11c000000011c
[12:56:48] [warning] HAZEL: VulkanImage2D::Release ImageView = 0x1220000000122
[12:56:48] [warning] HAZEL: VulkanImage2D::Release ImageView = 0xfd00000000fd
[12:56:48] [warning] HAZEL: VulkanImage2D::Release ImageView = 0x1090000000109
[12:56:48] [warning] HAZEL: VulkanImage2D::Release ImageView = 0xf700000000f7
[12:56:48] [warning] HAZEL: VulkanImage2D::Release ImageView = 0x10f000000010f
[12:56:48] [warning] HAZEL: VulkanImage2D::Release ImageView = 0xf100000000f1
[12:56:48] [warning] HAZEL: VulkanImage2D::Release ImageView = 0x1030000000103
[12:56:48] [warning] HAZEL: VulkanImage2D::Release ImageView = 0xeb00000000eb
[12:56:48] [warning] HAZEL: VulkanDebugCallback:
  Object Type: 6
  Message: vkDestroyDevice(): Object Tracking - For VkDevice 0x1fe40c0f810, VkCommandBuffer 0x1fe85fa7950 has not been destroyed.
The Vulkan spec states: All child objects created on device that can be destroyed or freed must have been destroyed or freed prior to destroying device (https://docs.vulkan.org/spec/latest/chapters/devsandqueues.html#VUID-vkDestroyDevice-device-05137)
[12:56:48] [warning] HAZEL: VulkanDebugCallback:
  Object Type: 6
  Message: vkDestroyDevice(): Object Tracking - For VkDevice 0x1fe40c0f810, VkCommandBuffer 0x1fe85f9f670 has not been destroyed.
The Vulkan spec states: All child objects created on device that can be destroyed or freed must have been destroyed or freed prior to destroying device (https://docs.vulkan.org/spec/latest/chapters/devsandqueues.html#VUID-vkDestroyDevice-device-05137)
[12:56:48] [warning] HAZEL: VulkanDebugCallback:
  Object Type: 6
  Message: vkDestroyDevice(): Object Tracking - For VkDevice 0x1fe40c0f810, VkCommandBuffer 0x1fe85fac3a0 has not been destroyed.
The Vulkan spec states: All child objects created on device that can be destroyed or freed must have been destroyed or freed prior to destroying device (https://docs.vulkan.org/spec/latest/chapters/devsandqueues.html#VUID-vkDestroyDevice-device-05137)
[12:56:48] [warning] HAZEL: VulkanDebugCallback:
  Object Type: 9
  Message: vkDestroyDevice(): Object Tracking - For VkDevice 0x1fe40c0f810, VkBuffer 0x3f000000003f has not been destroyed.
The Vulkan spec states: All child objects created on device that can be destroyed or freed must have been destroyed or freed prior to destroying device (https://docs.vulkan.org/spec/latest/chapters/devsandqueues.html#VUID-vkDestroyDevice-device-05137)
[12:56:48] [warning] HAZEL: VulkanDebugCallback:
  Object Type: 9
  Message: vkDestroyDevice(): Object Tracking - For VkDevice 0x1fe40c0f810, VkBuffer 0x470000000047 has not been destroyed.
The Vulkan spec states: All child objects created on device that can be destroyed or freed must have been destroyed or freed prior to destroying device (https://docs.vulkan.org/spec/latest/chapters/devsandqueues.html#VUID-vkDestroyDevice-device-05137)
[12:56:48] [warning] HAZEL: VulkanDebugCallback:
  Object Type: 9
  Message: vkDestroyDevice(): Object Tracking - For VkDevice 0x1fe40c0f810, VkBuffer 0x610000000061 has not been destroyed.
The Vulkan spec states: All child objects created on device that can be destroyed or freed must have been destroyed or freed prior to destroying device (https://docs.vulkan.org/spec/latest/chapters/devsandqueues.html#VUID-vkDestroyDevice-device-05137)
[12:56:48] [warning] HAZEL: VulkanDebugCallback:
  Object Type: 9
  Message: vkDestroyDevice(): Object Tracking - For VkDevice 0x1fe40c0f810, VkBuffer 0x4a000000004a has not been destroyed.
The Vulkan spec states: All child objects created on device that can be destroyed or freed must have been destroyed or freed prior to destroying device (https://docs.vulkan.org/spec/latest/chapters/devsandqueues.html#VUID-vkDestroyDevice-device-05137)
[12:56:48] [warning] HAZEL: VulkanDebugCallback:
  Object Type: 9
  Message: vkDestroyDevice(): Object Tracking - For VkDevice 0x1fe40c0f810, VkBuffer 0x600000000060 has not been destroyed.
The Vulkan spec states: All child objects created on device that can be destroyed or freed must have been destroyed or freed prior to destroying device (https://docs.vulkan.org/spec/latest/chapters/devsandqueues.html#VUID-vkDestroyDevice-device-05137)
[12:56:48] [warning] HAZEL: VulkanDebugCallback:
  Object Type: 9
  Message: vkDestroyDevice(): Object Tracking - For VkDevice 0x1fe40c0f810, VkBuffer 0x490000000049 has not been destroyed.
The Vulkan spec states: All child objects created on device that can be destroyed or freed must have been destroyed or freed prior to destroying device (https://docs.vulkan.org/spec/latest/chapters/devsandqueues.html#VUID-vkDestroyDevice-device-05137)
[12:56:48] [warning] HAZEL: VulkanDebugCallback:
  Object Type: 9
  Message: (Warning - This VUID has now been reported 10 times, which is the duplicate_message_limit value, this will be the last time reporting it).
vkDestroyDevice(): Object Tracking - For VkDevice 0x1fe40c0f810, VkBuffer 0x480000000048 has not been destroyed.
The Vulkan spec states: All child objects created on device that can be destroyed or freed must have been destroyed or freed prior to destroying device (https://docs.vulkan.org/spec/latest/chapters/devsandqueues.html#VUID-vkDestroyDevice-device-05137)
[12:56:48] [warning] HAZEL: VulkanDebugCallback:
  Object Type: 1
  Message: vkDestroyInstance(): Object Tracking - For VkInstance 0x1fe40a41410, VkDebugReportCallbackEXT 0x10000000001 has not been destroyed.
The Vulkan spec states: All child objects that were created with instance or with a VkPhysicalDevice retrieved from it, and that can be destroyed or freed, must have been destroyed or freed prior to destroying instance (https://docs.vulkan.org/spec/latest/chapters/initialization.html#VUID-vkDestroyInstance-instance-00629)
[12:56:48] [trace] HAZEL: Shutting down...
